<?xml version="1.0" encoding="UTF-8"?>
<!-- Generated by org.testng.reporters.JUnitXMLReporter -->
<testsuite ignored="1" hostname="DESKTOP-IKB2O7A" failures="0" tests="3" name="Test" time="44.434" errors="0" timestamp="2024-03-20T23:13:30 EDT">
  <testcase classname="Proj002.Mavenlabs.SwitchingWindows" name="switchwin" time="27.959"/>
  <testcase classname="Proj002.Mavenlabs.MultOptions" name="multipOpts" time="13.093"/>
  <testcase classname="Proj002.Mavenlabs.DragandDrop" name="dragAndDrop" time="3.32"/>
  <testcase classname="Proj002.Mavenlabs.WebTable" name="readFromWebTable" time="0.0">
    <ignored/>
  </testcase> <!-- readFromWebTable -->
</testsuite> <!-- Test -->
