<?xml version="1.0" encoding="UTF-8"?>
<testng-results ignored="0" total="3" passed="3" failed="0" skipped="0">
  <reporter-output>
  </reporter-output>
  <suite started-at="2024-03-20T23:12:46 EDT" name="Suite" finished-at="2024-03-20T23:13:30 EDT" duration-ms="44434">
    <groups>
    </groups>
    <test started-at="2024-03-20T23:12:46 EDT" name="Test" finished-at="2024-03-20T23:13:30 EDT" duration-ms="44434">
      <class name="Proj002.Mavenlabs.SwitchingWindows">
        <test-method signature="switchwin()[pri:0, instance:Proj002.Mavenlabs.SwitchingWindows@71b1176b]" started-at="2024-03-20T23:12:46 EDT" name="switchwin" finished-at="2024-03-20T23:13:14 EDT" duration-ms="27959" status="PASS">
          <reporter-output>
          </reporter-output>
        </test-method> <!-- switchwin -->
      </class> <!-- Proj002.Mavenlabs.SwitchingWindows -->
      <class name="Proj002.Mavenlabs.MultOptions">
        <test-method signature="multipOpts()[pri:0, instance:Proj002.Mavenlabs.MultOptions@6193932a]" started-at="2024-03-20T23:13:14 EDT" name="multipOpts" finished-at="2024-03-20T23:13:27 EDT" duration-ms="13093" status="PASS">
          <reporter-output>
          </reporter-output>
        </test-method> <!-- multipOpts -->
      </class> <!-- Proj002.Mavenlabs.MultOptions -->
      <class name="Proj002.Mavenlabs.DragandDrop">
        <test-method signature="dragAndDrop()[pri:0, instance:Proj002.Mavenlabs.DragandDrop@647fd8ce]" started-at="2024-03-20T23:13:27 EDT" name="dragAndDrop" finished-at="2024-03-20T23:13:30 EDT" duration-ms="3320" status="PASS">
          <reporter-output>
          </reporter-output>
        </test-method> <!-- dragAndDrop -->
      </class> <!-- Proj002.Mavenlabs.DragandDrop -->
    </test> <!-- Test -->
  </suite> <!-- Suite -->
</testng-results>
