<?xml version="1.0" encoding="UTF-8"?>
<testng-results ignored="0" total="4" passed="3" failed="1" skipped="0">
  <reporter-output>
  </reporter-output>
  <suite started-at="2024-03-19T12:03:16 EDT" name="Default suite" finished-at="2024-03-19T12:03:42 EDT" duration-ms="25899">
    <groups>
    </groups>
    <test started-at="2024-03-19T12:03:16 EDT" name="Default test" finished-at="2024-03-19T12:03:42 EDT" duration-ms="25899">
      <class name="Proj002.Mavenlabs.WebTable">
        <test-method signature="readFromWebTable()[pri:0, instance:Proj002.Mavenlabs.WebTable@35ef1869]" started-at="2024-03-19T12:03:16 EDT" name="readFromWebTable" finished-at="2024-03-19T12:03:16 EDT" duration-ms="12" status="FAIL">
          <exception class="java.io.FileNotFoundException">
            <message>
              <![CDATA[C:\Arpana\Training\sel\Sel@9AM(EST)\data.txt (The system cannot find the path specified)]]>
            </message>
            <full-stacktrace>
              <![CDATA[java.io.FileNotFoundException: C:\Arpana\Training\sel\Sel@9AM(EST)\data.txt (The system cannot find the path specified)
at java.base/java.io.FileOutputStream.open0(Native Method)
at java.base/java.io.FileOutputStream.open(FileOutputStream.java:293)
at java.base/java.io.FileOutputStream.<init>(FileOutputStream.java:235)
at java.base/java.io.FileOutputStream.<init>(FileOutputStream.java:123)
at java.base/java.io.FileWriter.<init>(FileWriter.java:66)
at Proj002.Mavenlabs.WebTable.readFromWebTable(WebTable.java:23)
at java.base/jdk.internal.reflect.NativeMethodAccessorImpl.invoke0(Native Method)
at java.base/jdk.internal.reflect.NativeMethodAccessorImpl.invoke(NativeMethodAccessorImpl.java:77)
at java.base/jdk.internal.reflect.DelegatingMethodAccessorImpl.invoke(DelegatingMethodAccessorImpl.java:43)
at java.base/java.lang.reflect.Method.invoke(Method.java:568)
at org.testng.internal.MethodInvocationHelper.invokeMethod(MethodInvocationHelper.java:133)
at org.testng.internal.TestInvoker.invokeMethod(TestInvoker.java:598)
at org.testng.internal.TestInvoker.invokeTestMethod(TestInvoker.java:173)
at org.testng.internal.MethodRunner.runInSequence(MethodRunner.java:46)
at org.testng.internal.TestInvoker$MethodInvocationAgent.invoke(TestInvoker.java:824)
at org.testng.internal.TestInvoker.invokeTestMethods(TestInvoker.java:146)
at org.testng.internal.TestMethodWorker.invokeTestMethods(TestMethodWorker.java:146)
at org.testng.internal.TestMethodWorker.run(TestMethodWorker.java:128)
at java.base/java.util.ArrayList.forEach(ArrayList.java:1511)
at org.testng.TestRunner.privateRun(TestRunner.java:794)
at org.testng.TestRunner.run(TestRunner.java:596)
at org.testng.SuiteRunner.runTest(SuiteRunner.java:377)
at org.testng.SuiteRunner.runSequentially(SuiteRunner.java:371)
at org.testng.SuiteRunner.privateRun(SuiteRunner.java:332)
at org.testng.SuiteRunner.run(SuiteRunner.java:276)
at org.testng.SuiteRunnerWorker.runSuite(SuiteRunnerWorker.java:53)
at org.testng.SuiteRunnerWorker.run(SuiteRunnerWorker.java:96)
at org.testng.TestNG.runSuitesSequentially(TestNG.java:1212)
at org.testng.TestNG.runSuitesLocally(TestNG.java:1134)
at org.testng.TestNG.runSuites(TestNG.java:1063)
at org.testng.TestNG.run(TestNG.java:1031)
at org.testng.remote.AbstractRemoteTestNG.run(AbstractRemoteTestNG.java:115)
at org.testng.remote.RemoteTestNG.initAndRun(RemoteTestNG.java:251)
at org.testng.remote.RemoteTestNG.main(RemoteTestNG.java:77)
]]>
            </full-stacktrace>
          </exception> <!-- java.io.FileNotFoundException -->
          <reporter-output>
          </reporter-output>
        </test-method> <!-- readFromWebTable -->
      </class> <!-- Proj002.Mavenlabs.WebTable -->
      <class name="Proj002.Mavenlabs.SwitchingWindows">
        <test-method signature="switchwin()[pri:0, instance:Proj002.Mavenlabs.SwitchingWindows@7714e963]" started-at="2024-03-19T12:03:16 EDT" name="switchwin" finished-at="2024-03-19T12:03:22 EDT" duration-ms="5805" status="PASS">
          <reporter-output>
          </reporter-output>
        </test-method> <!-- switchwin -->
      </class> <!-- Proj002.Mavenlabs.SwitchingWindows -->
      <class name="Proj002.Mavenlabs.MultOptions">
        <test-method signature="multipOpts()[pri:0, instance:Proj002.Mavenlabs.MultOptions@20ce78ec]" started-at="2024-03-19T12:03:22 EDT" name="multipOpts" finished-at="2024-03-19T12:03:38 EDT" duration-ms="16822" status="PASS">
          <reporter-output>
          </reporter-output>
        </test-method> <!-- multipOpts -->
      </class> <!-- Proj002.Mavenlabs.MultOptions -->
      <class name="Proj002.Mavenlabs.DragandDrop">
        <test-method signature="dragAndDrop()[pri:0, instance:Proj002.Mavenlabs.DragandDrop@393671df]" started-at="2024-03-19T12:03:38 EDT" name="dragAndDrop" finished-at="2024-03-19T12:03:42 EDT" duration-ms="3175" status="PASS">
          <reporter-output>
          </reporter-output>
        </test-method> <!-- dragAndDrop -->
      </class> <!-- Proj002.Mavenlabs.DragandDrop -->
    </test> <!-- Default test -->
  </suite> <!-- Default suite -->
</testng-results>
